This file contains any messages produced by compilers while
running configure, to aid debugging if configure makes a mistake.

It was created by configure, which was
generated by GNU Autoconf 2.59.  Invocation command line was

  $ ./configure 

## --------- ##
## Platform. ##
## --------- ##

hostname = h253021
uname -m = x86_64
uname -r = 2.6.18-308.11.1.el5
uname -s = Linux
uname -v = #1 SMP Tue Jul 10 08:48:43 EDT 2012

/usr/bin/uname -p = unknown
/bin/uname -X     = unknown

/bin/arch              = x86_64
/usr/bin/arch -k       = unknown
/usr/convex/getsysinfo = unknown
hostinfo               = unknown
/bin/machine           = unknown
/usr/bin/oslevel       = unknown
/bin/universe          = unknown

PATH: /usr/kerberos/bin
PATH: /usr/local/nosql/bin
PATH: /usr/local/bin
PATH: /bin
PATH: /usr/bin
PATH: /home/zhaoying/javacc-5.0/bin
PATH: /sbin
PATH: /home/wangbiyao/bin
PATH: /home/zhaoying/javacc-5.0/bin
PATH: /sbin


## ----------- ##
## Core tests. ##
## ----------- ##

configure:1305: checking for a BSD-compatible install
configure:1360: result: /usr/bin/install -c
configure:1371: checking whether build environment is sane
configure:1414: result: yes
configure:1447: checking for gawk
configure:1463: found /bin/gawk
configure:1473: result: gawk
configure:1483: checking whether make sets $(MAKE)
configure:1503: result: yes
configure:1700: checking for gcc
configure:1716: found /usr/bin/gcc
configure:1726: result: gcc
configure:1970: checking for C compiler version
configure:1973: gcc --version </dev/null >&5
gcc (GCC) 4.1.2 20080704 (Red Hat 4.1.2-52)
Copyright (C) 2006 Free Software Foundation, Inc.
This is free software; see the source for copying conditions.  There is NO
warranty; not even for MERCHANTABILITY or FITNESS FOR A PARTICULAR PURPOSE.

configure:1976: $? = 0
configure:1978: gcc -v </dev/null >&5
Using built-in specs.
Target: x86_64-redhat-linux
Configured with: ../configure --prefix=/usr --mandir=/usr/share/man --infodir=/usr/share/info --enable-shared --enable-threads=posix --enable-checking=release --with-system-zlib --enable-__cxa_atexit --disable-libunwind-exceptions --enable-libgcj-multifile --enable-languages=c,c++,objc,obj-c++,java,fortran,ada --enable-java-awt=gtk --disable-dssi --disable-plugin --with-java-home=/usr/lib/jvm/java-1.4.2-gcj-1.4.2.0/jre --with-cpu=generic --host=x86_64-redhat-linux
Thread model: posix
gcc version 4.1.2 20080704 (Red Hat 4.1.2-52)
configure:1981: $? = 0
configure:1983: gcc -V </dev/null >&5
gcc: '-V' option must have argument
configure:1986: $? = 1
configure:2009: checking for C compiler default output file name
configure:2012: gcc    conftest.c  >&5
configure:2015: $? = 0
configure:2061: result: a.out
configure:2066: checking whether the C compiler works
configure:2072: ./a.out
configure:2075: $? = 0
configure:2092: result: yes
configure:2099: checking whether we are cross compiling
configure:2101: result: no
configure:2104: checking for suffix of executables
configure:2106: gcc -o conftest    conftest.c  >&5
configure:2109: $? = 0
configure:2134: result: 
configure:2140: checking for suffix of object files
configure:2161: gcc -c   conftest.c >&5
configure:2164: $? = 0
configure:2186: result: o
configure:2190: checking whether we are using the GNU C compiler
configure:2214: gcc -c   conftest.c >&5
configure:2220: $? = 0
configure:2224: test -z 
			 || test ! -s conftest.err
configure:2227: $? = 0
configure:2230: test -s conftest.o
configure:2233: $? = 0
configure:2246: result: yes
configure:2252: checking whether gcc accepts -g
configure:2273: gcc -c -g  conftest.c >&5
configure:2279: $? = 0
configure:2283: test -z 
			 || test ! -s conftest.err
configure:2286: $? = 0
configure:2289: test -s conftest.o
configure:2292: $? = 0
configure:2303: result: yes
configure:2320: checking for gcc option to accept ANSI C
configure:2390: gcc  -c -g -O2  conftest.c >&5
configure:2396: $? = 0
configure:2400: test -z 
			 || test ! -s conftest.err
configure:2403: $? = 0
configure:2406: test -s conftest.o
configure:2409: $? = 0
configure:2427: result: none needed
configure:2445: gcc -c -g -O2  conftest.c >&5
conftest.c:2: error: expected '=', ',', ';', 'asm' or '__attribute__' before 'me'
configure:2451: $? = 1
configure: failed program was:
| #ifndef __cplusplus
|   choke me
| #endif
configure:2603: checking for style of include used by make
configure:2631: result: GNU
configure:2659: checking dependency style of gcc
configure:2721: result: gcc3
configure:2778: checking for g++
configure:2794: found /usr/bin/g++
configure:2804: result: g++
configure:2820: checking for C++ compiler version
configure:2823: g++ --version </dev/null >&5
g++ (GCC) 4.1.2 20080704 (Red Hat 4.1.2-52)
Copyright (C) 2006 Free Software Foundation, Inc.
This is free software; see the source for copying conditions.  There is NO
warranty; not even for MERCHANTABILITY or FITNESS FOR A PARTICULAR PURPOSE.

configure:2826: $? = 0
configure:2828: g++ -v </dev/null >&5
Using built-in specs.
Target: x86_64-redhat-linux
Configured with: ../configure --prefix=/usr --mandir=/usr/share/man --infodir=/usr/share/info --enable-shared --enable-threads=posix --enable-checking=release --with-system-zlib --enable-__cxa_atexit --disable-libunwind-exceptions --enable-libgcj-multifile --enable-languages=c,c++,objc,obj-c++,java,fortran,ada --enable-java-awt=gtk --disable-dssi --disable-plugin --with-java-home=/usr/lib/jvm/java-1.4.2-gcj-1.4.2.0/jre --with-cpu=generic --host=x86_64-redhat-linux
Thread model: posix
gcc version 4.1.2 20080704 (Red Hat 4.1.2-52)
configure:2831: $? = 0
configure:2833: g++ -V </dev/null >&5
g++: '-V' option must have argument
configure:2836: $? = 1
configure:2839: checking whether we are using the GNU C++ compiler
configure:2863: g++ -c   conftest.cc >&5
configure:2869: $? = 0
configure:2873: test -z 
			 || test ! -s conftest.err
configure:2876: $? = 0
configure:2879: test -s conftest.o
configure:2882: $? = 0
configure:2895: result: yes
configure:2901: checking whether g++ accepts -g
configure:2922: g++ -c -g  conftest.cc >&5
configure:2928: $? = 0
configure:2932: test -z 
			 || test ! -s conftest.err
configure:2935: $? = 0
configure:2938: test -s conftest.o
configure:2941: $? = 0
configure:2952: result: yes
configure:2994: g++ -c -g -O2  conftest.cc >&5
configure:3000: $? = 0
configure:3004: test -z 
			 || test ! -s conftest.err
configure:3007: $? = 0
configure:3010: test -s conftest.o
configure:3013: $? = 0
configure:3039: g++ -c -g -O2  conftest.cc >&5
conftest.cc: In function 'int main()':
conftest.cc:15: error: 'exit' was not declared in this scope
configure:3045: $? = 1
configure: failed program was:
| /* confdefs.h.  */
| 
| #define PACKAGE_NAME ""
| #define PACKAGE_TARNAME ""
| #define PACKAGE_VERSION ""
| #define PACKAGE_STRING ""
| #define PACKAGE_BUGREPORT ""
| #define PACKAGE "librf"
| #define VERSION "0.1"
| /* end confdefs.h.  */
| 
| int
| main ()
| {
| exit (42);
|   ;
|   return 0;
| }
configure:2994: g++ -c -g -O2  conftest.cc >&5
configure:3000: $? = 0
configure:3004: test -z 
			 || test ! -s conftest.err
configure:3007: $? = 0
configure:3010: test -s conftest.o
configure:3013: $? = 0
configure:3039: g++ -c -g -O2  conftest.cc >&5
configure:3045: $? = 0
configure:3049: test -z 
			 || test ! -s conftest.err
configure:3052: $? = 0
configure:3055: test -s conftest.o
configure:3058: $? = 0
configure:3083: checking dependency style of g++
configure:3145: result: gcc3
configure:3191: checking for ranlib
configure:3207: found /usr/bin/ranlib
configure:3218: result: ranlib
configure:3333: creating ./config.status

## ---------------------- ##
## Running config.status. ##
## ---------------------- ##

This file was extended by config.status, which was
generated by GNU Autoconf 2.59.  Invocation command line was

  CONFIG_FILES    = 
  CONFIG_HEADERS  = 
  CONFIG_LINKS    = 
  CONFIG_COMMANDS = 
  $ ./config.status 

on h253021

config.status:689: creating Makefile
config.status:689: creating librf/Makefile
config.status:689: creating tests/Makefile
config.status:689: creating examples/Makefile
config.status:793: creating config.h
config.status:879: config.h is unchanged
config.status:1043: executing depfiles commands

## ---------------- ##
## Cache variables. ##
## ---------------- ##

ac_cv_c_compiler_gnu=yes
ac_cv_cxx_compiler_gnu=yes
ac_cv_env_CC_set=
ac_cv_env_CC_value=
ac_cv_env_CFLAGS_set=
ac_cv_env_CFLAGS_value=
ac_cv_env_CPPFLAGS_set=
ac_cv_env_CPPFLAGS_value=
ac_cv_env_CXXFLAGS_set=
ac_cv_env_CXXFLAGS_value=
ac_cv_env_CXX_set=
ac_cv_env_CXX_value=
ac_cv_env_LDFLAGS_set=
ac_cv_env_LDFLAGS_value=
ac_cv_env_build_alias_set=
ac_cv_env_build_alias_value=
ac_cv_env_host_alias_set=
ac_cv_env_host_alias_value=
ac_cv_env_target_alias_set=
ac_cv_env_target_alias_value=
ac_cv_exeext=
ac_cv_objext=o
ac_cv_path_install='/usr/bin/install -c'
ac_cv_prog_AWK=gawk
ac_cv_prog_ac_ct_CC=gcc
ac_cv_prog_ac_ct_CXX=g++
ac_cv_prog_ac_ct_RANLIB=ranlib
ac_cv_prog_cc_g=yes
ac_cv_prog_cc_stdc=
ac_cv_prog_cxx_g=yes
ac_cv_prog_make_make_set=yes
am_cv_CC_dependencies_compiler_type=gcc3
am_cv_CXX_dependencies_compiler_type=gcc3

## ----------------- ##
## Output variables. ##
## ----------------- ##

ACLOCAL='${SHELL} /home/wangbiyao/librf/missing --run aclocal-1.6'
AMDEPBACKSLASH='\'
AMDEP_FALSE='#'
AMDEP_TRUE=''
AMTAR='${SHELL} /home/wangbiyao/librf/missing --run tar'
AUTOCONF='${SHELL} /home/wangbiyao/librf/missing --run autoconf'
AUTOHEADER='${SHELL} /home/wangbiyao/librf/missing --run autoheader'
AUTOMAKE='${SHELL} /home/wangbiyao/librf/missing --run automake-1.6'
AWK='gawk'
CC='gcc'
CCDEPMODE='depmode=gcc3'
CFLAGS='-g -O2'
CPPFLAGS=''
CXX='g++'
CXXDEPMODE='depmode=gcc3'
CXXFLAGS='-g -O2'
DEFS='-DHAVE_CONFIG_H'
DEPDIR='.deps'
ECHO_C=''
ECHO_N='-n'
ECHO_T=''
EXEEXT=''
INSTALL_DATA='${INSTALL} -m 644'
INSTALL_PROGRAM='${INSTALL}'
INSTALL_SCRIPT='${INSTALL}'
INSTALL_STRIP_PROGRAM='${SHELL} $(install_sh) -c -s'
LDFLAGS=''
LIBOBJS=''
LIBS=''
LTLIBOBJS=''
MAKEINFO='${SHELL} /home/wangbiyao/librf/missing --run makeinfo'
OBJEXT='o'
PACKAGE='librf'
PACKAGE_BUGREPORT=''
PACKAGE_NAME=''
PACKAGE_STRING=''
PACKAGE_TARNAME=''
PACKAGE_VERSION=''
PATH_SEPARATOR=':'
RANLIB='ranlib'
SET_MAKE=''
SHELL='/bin/sh'
STRIP=''
VERSION='0.1'
ac_ct_CC='gcc'
ac_ct_CXX='g++'
ac_ct_RANLIB='ranlib'
ac_ct_STRIP=''
am__include='include'
am__quote=''
bindir='${exec_prefix}/bin'
build_alias=''
datadir='${prefix}/share'
exec_prefix='${prefix}'
host_alias=''
includedir='${prefix}/include'
infodir='${prefix}/info'
install_sh='/home/wangbiyao/librf/install-sh'
libdir='${exec_prefix}/lib'
libexecdir='${exec_prefix}/libexec'
localstatedir='${prefix}/var'
mandir='${prefix}/man'
oldincludedir='/usr/include'
prefix='/usr/local'
program_transform_name='s,x,x,'
sbindir='${exec_prefix}/sbin'
sharedstatedir='${prefix}/com'
sysconfdir='${prefix}/etc'
target_alias=''

## ----------- ##
## confdefs.h. ##
## ----------- ##

#define PACKAGE "librf"
#define PACKAGE_BUGREPORT ""
#define PACKAGE_NAME ""
#define PACKAGE_STRING ""
#define PACKAGE_TARNAME ""
#define PACKAGE_VERSION ""
#define VERSION "0.1"
#endif
#ifdef __cplusplus
extern "C" void std::exit (int) throw (); using std::exit;

configure: exit 0
